[debug] [2018-04-15T12:43:04.692Z] ----------------------------------------------------------------------
[debug] [2018-04-15T12:43:04.693Z] Command:       /usr/local/bin/node /usr/local/bin/firebase serve
[debug] [2018-04-15T12:43:04.694Z] CLI Version:   3.18.4
[debug] [2018-04-15T12:43:04.694Z] Platform:      darwin
[debug] [2018-04-15T12:43:04.694Z] Node Version:  v8.10.0
[debug] [2018-04-15T12:43:04.694Z] Time:          Sun Apr 15 2018 14:43:04 GMT+0200 (CEST)
[debug] [2018-04-15T12:43:04.694Z] ----------------------------------------------------------------------
[debug] 
[debug] [2018-04-15T12:43:04.706Z] > command requires scopes: ["email","openid","https://www.googleapis.com/auth/cloudplatformprojects.readonly","https://www.googleapis.com/auth/firebase","https://www.googleapis.com/auth/cloud-platform"]
[debug] [2018-04-15T12:43:04.706Z] > authorizing via signed-in user
[debug] [2018-04-15T12:43:04.708Z] > refreshing access token with scopes: ["email","https://www.googleapis.com/auth/cloud-platform","https://www.googleapis.com/auth/cloudplatformprojects.readonly","https://www.googleapis.com/auth/firebase","openid"]
[debug] [2018-04-15T12:43:04.708Z] >>> HTTP REQUEST POST https://www.googleapis.com/oauth2/v3/token  
 { refresh_token: '1/8huvZv-_xfpdWxU4aKcnJ0y7998k63uriZDftLbogQs',
  client_id: '563584335869-fgrhgmd47bqnekij5i8b5pr03ho849e6.apps.googleusercontent.com',
  client_secret: 'j9iVZfS8kkCEFUPaAeJV0sAi',
  grant_type: 'refresh_token',
  scope: 'email https://www.googleapis.com/auth/cloud-platform https://www.googleapis.com/auth/cloudplatformprojects.readonly https://www.googleapis.com/auth/firebase openid' } 
 Sun Apr 15 2018 14:43:04 GMT+0200 (CEST)
[debug] [2018-04-15T12:43:04.820Z] <<< HTTP RESPONSE 200
[debug] [2018-04-15T12:43:04.837Z] >>> HTTP REQUEST GET https://admin.firebase.com/v1/projects/uflow-b640f  
  
 Sun Apr 15 2018 14:43:04 GMT+0200 (CEST)
[debug] [2018-04-15T12:43:05.578Z] <<< HTTP RESPONSE 200
[debug] [2018-04-15T12:43:05.579Z] >>> HTTP REQUEST GET https://admin.firebase.com/v1/database/uflow-b640f/tokens  
  
 Sun Apr 15 2018 14:43:05 GMT+0200 (CEST)
[debug] [2018-04-15T12:43:06.187Z] <<< HTTP RESPONSE 200
[debug] [2018-04-15T12:43:06.187Z] >>> HTTP REQUEST GET https://cloudresourcemanager.googleapis.com/v1/projects/uflow-b640f  
  
 Sun Apr 15 2018 14:43:06 GMT+0200 (CEST)
[debug] [2018-04-15T12:43:07.058Z] <<< HTTP RESPONSE 200
[info] 
[info] === Serving from '/Users/beatricebranemark/iprog/uflow'...
[info] 
[debug] [2018-04-15T12:43:07.061Z] >>> HTTP REQUEST GET https://mobilesdk-pa.googleapis.com/v1/projects/889611883337/clients/_:getWebAppConfig  
  
 Sun Apr 15 2018 14:43:07 GMT+0200 (CEST)
[debug] [2018-04-15T12:43:07.793Z] <<< HTTP RESPONSE 200
[info] i  hosting: Serving hosting files from: build
[info] ✔  hosting: Local server: http://localhost:5000

